# JRE version: OpenJDK Runtime Environment (21.0.7) (build 21.0.7+-13880790-b1038.58)
# Java VM: OpenJDK 64-Bit Server VM (21.0.7+-13880790-b1038.58, mixed mode, tiered, compressed oops, compressed class ptrs, g1 gc, windows-amd64)
GC Precious Log:
 CardTable entry size: 512
 Card Set container configuration: InlinePtr #cards 5 size 8 Array Of Cards #cards 12 size 40 Howl #buckets 4 coarsen threshold 1843 Howl Bitmap #cards 512 size 80 coarsen threshold 460 Card regions per heap region 1 cards per card region 2048
 CPUs: 12 total, 12 available
 Memory: 15739M
 Large Page Support: Disabled
 NUMA Support: Disabled
 Compressed Oops: Enabled (32-bit)
 Heap Region Size: 1M
 Heap Min Capacity: 8M
 Heap Initial Capacity: 246M
 Heap Max Capacity: 2G
 Pre-touch: Disabled
 Parallel Workers: 10
 Concurrent Workers: 3
 Concurrent Refinement Workers: 10
 Periodic GC: Disabled
Heap:
 garbage-first heap   total 250880K, used 222354K [0x0000000080000000, 0x0000000100000000)
  region size 1024K, 80 young (81920K), 11 survivors (11264K)
 Metaspace       used 128152K, committed 130432K, reserved 1179648K
  class space    used 17429K, committed 18560K, reserved 1048576K
GC Heap History (20 events):
Event: 10.087 GC heap before
{Heap before GC invocations=42 (full 0):
 garbage-first heap   total 177152K, used 158176K [0x0000000080000000, 0x0000000100000000)
  region size 1024K, 62 young (63488K), 6 survivors (6144K)
 Metaspace       used 107992K, committed 110208K, reserved 1179648K
  class space    used 15074K, committed 16192K, reserved 1048576K
}
Event: 10.090 GC heap after
{Heap after GC invocations=43 (full 0):
 garbage-first heap   total 177152K, used 104448K [0x0000000080000000, 0x0000000100000000)
  region size 1024K, 5 young (5120K), 5 survivors (5120K)
 Metaspace       used 107992K, committed 110208K, reserved 1179648K
  class space    used 15074K, committed 16192K, reserved 1048576K
}
Event: 10.285 GC heap before
{Heap before GC invocations=43 (full 0):
 garbage-first heap   total 177152K, used 159744K [0x0000000080000000, 0x0000000100000000)
  region size 1024K, 60 young (61440K), 5 survivors (5120K)
 Metaspace       used 108219K, committed 110464K, reserved 1179648K
  class space    used 15096K, committed 16192K, reserved 1048576K
}
Event: 10.289 GC heap after
{Heap after GC invocations=44 (full 0):
 garbage-first heap   total 177152K, used 104671K [0x0000000080000000, 0x0000000100000000)
  region size 1024K, 6 young (6144K), 6 survivors (6144K)
 Metaspace       used 108219K, committed 110464K, reserved 1179648K
  class space    used 15096K, committed 16192K, reserved 1048576K
}
Event: 10.357 GC heap before
{Heap before GC invocations=44 (full 0):
 garbage-first heap   total 177152K, used 117983K [0x0000000080000000, 0x0000000100000000)
  region size 1024K, 21 young (21504K), 6 survivors (6144K)
 Metaspace       used 108591K, committed 110784K, reserved 1179648K
  class space    used 15158K, committed 16256K, reserved 1048576K
}
Event: 10.359 GC heap after
{Heap after GC invocations=45 (full 0):
 garbage-first heap   total 177152K, used 105853K [0x0000000080000000, 0x0000000100000000)
  region size 1024K, 4 young (4096K), 4 survivors (4096K)
 Metaspace       used 108591K, committed 110784K, reserved 1179648K
  class space    used 15158K, committed 16256K, reserved 1048576K
}
Event: 10.762 GC heap before
{Heap before GC invocations=46 (full 0):
 garbage-first heap   total 186368K, used 167293K [0x0000000080000000, 0x0000000100000000)
  region size 1024K, 58 young (59392K), 4 survivors (4096K)
 Metaspace       used 114994K, committed 117184K, reserved 1179648K
  class space    used 15938K, committed 17024K, reserved 1048576K
}
Event: 10.767 GC heap after
{Heap after GC invocations=47 (full 0):
 garbage-first heap   total 186368K, used 112092K [0x0000000080000000, 0x0000000100000000)
  region size 1024K, 8 young (8192K), 8 survivors (8192K)
 Metaspace       used 114994K, committed 117184K, reserved 1179648K
  class space    used 15938K, committed 17024K, reserved 1048576K
}
Event: 11.366 GC heap before
{Heap before GC invocations=47 (full 0):
 garbage-first heap   total 186368K, used 170460K [0x0000000080000000, 0x0000000100000000)
  region size 1024K, 62 young (63488K), 8 survivors (8192K)
 Metaspace       used 118909K, committed 121216K, reserved 1179648K
  class space    used 16402K, committed 17536K, reserved 1048576K
}
Event: 11.373 GC heap after
{Heap after GC invocations=48 (full 0):
 garbage-first heap   total 189440K, used 119423K [0x0000000080000000, 0x0000000100000000)
  region size 1024K, 7 young (7168K), 7 survivors (7168K)
 Metaspace       used 118909K, committed 121216K, reserved 1179648K
  class space    used 16402K, committed 17536K, reserved 1048576K
}
Event: 11.642 GC heap before
{Heap before GC invocations=48 (full 0):
 garbage-first heap   total 189440K, used 170623K [0x0000000080000000, 0x0000000100000000)
  region size 1024K, 58 young (59392K), 7 survivors (7168K)
 Metaspace       used 120077K, committed 122304K, reserved 1179648K
  class space    used 16532K, committed 17664K, reserved 1048576K
}
Event: 11.647 GC heap after
{Heap after GC invocations=49 (full 0):
 garbage-first heap   total 189440K, used 124175K [0x0000000080000000, 0x0000000100000000)
  region size 1024K, 5 young (5120K), 5 survivors (5120K)
 Metaspace       used 120077K, committed 122304K, reserved 1179648K
  class space    used 16532K, committed 17664K, reserved 1048576K
}
Event: 130.607 GC heap before
{Heap before GC invocations=50 (full 0):
 garbage-first heap   total 208896K, used 171279K [0x0000000080000000, 0x0000000100000000)
  region size 1024K, 52 young (53248K), 5 survivors (5120K)
 Metaspace       used 122712K, committed 125056K, reserved 1179648K
  class space    used 16878K, committed 18048K, reserved 1048576K
}
Event: 130.610 GC heap after
{Heap after GC invocations=51 (full 0):
 garbage-first heap   total 208896K, used 126728K [0x0000000080000000, 0x0000000100000000)
  region size 1024K, 5 young (5120K), 5 survivors (5120K)
 Metaspace       used 122712K, committed 125056K, reserved 1179648K
  class space    used 16878K, committed 18048K, reserved 1048576K
}
Event: 130.921 GC heap before
{Heap before GC invocations=51 (full 0):
 garbage-first heap   total 208896K, used 189192K [0x0000000080000000, 0x0000000100000000)
  region size 1024K, 67 young (68608K), 5 survivors (5120K)
 Metaspace       used 123197K, committed 125504K, reserved 1179648K
  class space    used 16884K, committed 18048K, reserved 1048576K
}
Event: 130.926 GC heap after
{Heap after GC invocations=52 (full 0):
 garbage-first heap   total 208896K, used 130161K [0x0000000080000000, 0x0000000100000000)
  region size 1024K, 9 young (9216K), 9 survivors (9216K)
 Metaspace       used 123197K, committed 125504K, reserved 1179648K
  class space    used 16884K, committed 18048K, reserved 1048576K
}
Event: 131.419 GC heap before
{Heap before GC invocations=52 (full 0):
 garbage-first heap   total 208896K, used 186481K [0x0000000080000000, 0x0000000100000000)
  region size 1024K, 65 young (66560K), 9 survivors (9216K)
 Metaspace       used 126052K, committed 128448K, reserved 1179648K
  class space    used 17225K, committed 18432K, reserved 1048576K
}
Event: 131.425 GC heap after
{Heap after GC invocations=53 (full 0):
 garbage-first heap   total 250880K, used 136606K [0x0000000080000000, 0x0000000100000000)
  region size 1024K, 6 young (6144K), 6 survivors (6144K)
 Metaspace       used 126052K, committed 128448K, reserved 1179648K
  class space    used 17225K, committed 18432K, reserved 1048576K
}
Event: 133.335 GC heap before
{Heap before GC invocations=54 (full 0):
 garbage-first heap   total 250880K, used 224670K [0x0000000080000000, 0x0000000100000000)
  region size 1024K, 87 young (89088K), 6 survivors (6144K)
 Metaspace       used 127777K, committed 130112K, reserved 1179648K
  class space    used 17421K, committed 18560K, reserved 1048576K
}
Event: 133.343 GC heap after
{Heap after GC invocations=55 (full 0):
 garbage-first heap   total 250880K, used 153746K [0x0000000080000000, 0x0000000100000000)
  region size 1024K, 11 young (11264K), 11 survivors (11264K)
 Metaspace       used 127777K, committed 130112K, reserved 1179648K
  class space    used 17421K, committed 18560K, reserved 1048576K
}

